::1 - - [26/Jan/2016:10:59:40 +0000] "GET / HTTP/1.1" 200 14344 "-" "Mozilla/5.0 (Windows NT 10.0; WOW64) AppleWebKit/537.36 (KHTML, like Gecko) Chrome/47.0.2526.106 Safari/537.36"
::1 - - [26/Jan/2016:10:59:41 +0000] "GET /public/stylesheets/style.default.css HTTP/1.1" 304 - "http://localhost:3000/" "Mozilla/5.0 (Windows NT 10.0; WOW64) AppleWebKit/537.36 (KHTML, like Gecko) Chrome/47.0.2526.106 Safari/537.36"
::1 - - [26/Jan/2016:10:59:41 +0000] "GET /public/stylesheets/blog.css HTTP/1.1" 304 - "http://localhost:3000/" "Mozilla/5.0 (Windows NT 10.0; WOW64) AppleWebKit/537.36 (KHTML, like Gecko) Chrome/47.0.2526.106 Safari/537.36"
::1 - - [26/Jan/2016:10:59:41 +0000] "GET /public/Lib/iconfont/iconfont.css HTTP/1.1" 304 - "http://localhost:3000/" "Mozilla/5.0 (Windows NT 10.0; WOW64) AppleWebKit/537.36 (KHTML, like Gecko) Chrome/47.0.2526.106 Safari/537.36"
::1 - - [26/Jan/2016:10:59:41 +0000] "GET /public/H-ui.admin/css/H-ui.min.css HTTP/1.1" 304 - "http://localhost:3000/" "Mozilla/5.0 (Windows NT 10.0; WOW64) AppleWebKit/537.36 (KHTML, like Gecko) Chrome/47.0.2526.106 Safari/537.36"
::1 - - [26/Jan/2016:10:59:41 +0000] "GET /public/H-ui.admin/css/H-ui.admin.css HTTP/1.1" 304 - "http://localhost:3000/" "Mozilla/5.0 (Windows NT 10.0; WOW64) AppleWebKit/537.36 (KHTML, like Gecko) Chrome/47.0.2526.106 Safari/537.36"
::1 - - [26/Jan/2016:10:59:41 +0000] "GET /public/H-ui.admin/css/style.css HTTP/1.1" 304 - "http://localhost:3000/" "Mozilla/5.0 (Windows NT 10.0; WOW64) AppleWebKit/537.36 (KHTML, like Gecko) Chrome/47.0.2526.106 Safari/537.36"
::1 - - [26/Jan/2016:10:59:41 +0000] "GET /public/H-ui.admin/lib/iconfont/iconfont.css HTTP/1.1" 304 - "http://localhost:3000/" "Mozilla/5.0 (Windows NT 10.0; WOW64) AppleWebKit/537.36 (KHTML, like Gecko) Chrome/47.0.2526.106 Safari/537.36"
::1 - - [26/Jan/2016:10:59:41 +0000] "GET /public/H-ui.admin/lib/font-awesome/font-awesome.min.css HTTP/1.1" 304 - "http://localhost:3000/" "Mozilla/5.0 (Windows NT 10.0; WOW64) AppleWebKit/537.36 (KHTML, like Gecko) Chrome/47.0.2526.106 Safari/537.36"
::1 - - [26/Jan/2016:10:59:41 +0000] "GET /public/stylesheets/index-default.css HTTP/1.1" 304 - "http://localhost:3000/" "Mozilla/5.0 (Windows NT 10.0; WOW64) AppleWebKit/537.36 (KHTML, like Gecko) Chrome/47.0.2526.106 Safari/537.36"
::1 - - [26/Jan/2016:10:59:41 +0000] "GET /public/stylesheets/prettify.css HTTP/1.1" 304 - "http://localhost:3000/" "Mozilla/5.0 (Windows NT 10.0; WOW64) AppleWebKit/537.36 (KHTML, like Gecko) Chrome/47.0.2526.106 Safari/537.36"
::1 - - [26/Jan/2016:10:59:41 +0000] "GET /public/javascripts/jquery-1.11.2.min.js HTTP/1.1" 304 - "http://localhost:3000/" "Mozilla/5.0 (Windows NT 10.0; WOW64) AppleWebKit/537.36 (KHTML, like Gecko) Chrome/47.0.2526.106 Safari/537.36"
::1 - - [26/Jan/2016:10:59:41 +0000] "GET /public/stylesheets/bootstrap.min.css HTTP/1.1" 304 - "http://localhost:3000/" "Mozilla/5.0 (Windows NT 10.0; WOW64) AppleWebKit/537.36 (KHTML, like Gecko) Chrome/47.0.2526.106 Safari/537.36"
::1 - - [26/Jan/2016:10:59:41 +0000] "GET /public/stylesheets/bootstrap-responsive.min.css HTTP/1.1" 304 - "http://localhost:3000/" "Mozilla/5.0 (Windows NT 10.0; WOW64) AppleWebKit/537.36 (KHTML, like Gecko) Chrome/47.0.2526.106 Safari/537.36"
::1 - - [26/Jan/2016:10:59:41 +0000] "GET /public/stylesheets/jquery.ui.css HTTP/1.1" 304 - "http://localhost:3000/" "Mozilla/5.0 (Windows NT 10.0; WOW64) AppleWebKit/537.36 (KHTML, like Gecko) Chrome/47.0.2526.106 Safari/537.36"
::1 - - [26/Jan/2016:10:59:41 +0000] "GET /public/stylesheets/animate.min.css HTTP/1.1" 304 - "http://localhost:3000/" "Mozilla/5.0 (Windows NT 10.0; WOW64) AppleWebKit/537.36 (KHTML, like Gecko) Chrome/47.0.2526.106 Safari/537.36"
::1 - - [26/Jan/2016:10:59:41 +0000] "GET /public/stylesheets/animate.delay.css HTTP/1.1" 304 - "http://localhost:3000/" "Mozilla/5.0 (Windows NT 10.0; WOW64) AppleWebKit/537.36 (KHTML, like Gecko) Chrome/47.0.2526.106 Safari/537.36"
::1 - - [26/Jan/2016:10:59:41 +0000] "GET /public/stylesheets/isotope.css HTTP/1.1" 304 - "http://localhost:3000/" "Mozilla/5.0 (Windows NT 10.0; WOW64) AppleWebKit/537.36 (KHTML, like Gecko) Chrome/47.0.2526.106 Safari/537.36"
::1 - - [26/Jan/2016:10:59:41 +0000] "GET /public/stylesheets/colorbox.css HTTP/1.1" 304 - "http://localhost:3000/" "Mozilla/5.0 (Windows NT 10.0; WOW64) AppleWebKit/537.36 (KHTML, like Gecko) Chrome/47.0.2526.106 Safari/537.36"
::1 - - [26/Jan/2016:10:59:41 +0000] "GET /public/stylesheets/flexslider.css HTTP/1.1" 304 - "http://localhost:3000/" "Mozilla/5.0 (Windows NT 10.0; WOW64) AppleWebKit/537.36 (KHTML, like Gecko) Chrome/47.0.2526.106 Safari/537.36"
::1 - - [26/Jan/2016:10:59:41 +0000] "GET /public/stylesheets/uniform.tp.css HTTP/1.1" 304 - "http://localhost:3000/" "Mozilla/5.0 (Windows NT 10.0; WOW64) AppleWebKit/537.36 (KHTML, like Gecko) Chrome/47.0.2526.106 Safari/537.36"
::1 - - [26/Jan/2016:10:59:41 +0000] "GET /public/stylesheets/colorpicker.css HTTP/1.1" 304 - "http://localhost:3000/" "Mozilla/5.0 (Windows NT 10.0; WOW64) AppleWebKit/537.36 (KHTML, like Gecko) Chrome/47.0.2526.106 Safari/537.36"
::1 - - [26/Jan/2016:10:59:41 +0000] "GET /public/stylesheets/jquery.jgrowl.css HTTP/1.1" 304 - "http://localhost:3000/" "Mozilla/5.0 (Windows NT 10.0; WOW64) AppleWebKit/537.36 (KHTML, like Gecko) Chrome/47.0.2526.106 Safari/537.36"
::1 - - [26/Jan/2016:10:59:41 +0000] "GET /public/stylesheets/jquery.alerts.css HTTP/1.1" 304 - "http://localhost:3000/" "Mozilla/5.0 (Windows NT 10.0; WOW64) AppleWebKit/537.36 (KHTML, like Gecko) Chrome/47.0.2526.106 Safari/537.36"
::1 - - [26/Jan/2016:10:59:41 +0000] "GET /public/stylesheets/jquery.tagsinput.css HTTP/1.1" 304 - "http://localhost:3000/" "Mozilla/5.0 (Windows NT 10.0; WOW64) AppleWebKit/537.36 (KHTML, like Gecko) Chrome/47.0.2526.106 Safari/537.36"
::1 - - [26/Jan/2016:10:59:41 +0000] "GET /public/stylesheets/ui.spinner.css HTTP/1.1" 304 - "http://localhost:3000/" "Mozilla/5.0 (Windows NT 10.0; WOW64) AppleWebKit/537.36 (KHTML, like Gecko) Chrome/47.0.2526.106 Safari/537.36"
::1 - - [26/Jan/2016:10:59:42 +0000] "GET /public/stylesheets/jquery.chosen.css HTTP/1.1" 304 - "http://localhost:3000/" "Mozilla/5.0 (Windows NT 10.0; WOW64) AppleWebKit/537.36 (KHTML, like Gecko) Chrome/47.0.2526.106 Safari/537.36"
::1 - - [26/Jan/2016:10:59:42 +0000] "GET /public/stylesheets/fullcalendar.css HTTP/1.1" 304 - "http://localhost:3000/" "Mozilla/5.0 (Windows NT 10.0; WOW64) AppleWebKit/537.36 (KHTML, like Gecko) Chrome/47.0.2526.106 Safari/537.36"
::1 - - [26/Jan/2016:10:59:42 +0000] "GET /public/stylesheets/roboto.css HTTP/1.1" 304 - "http://localhost:3000/" "Mozilla/5.0 (Windows NT 10.0; WOW64) AppleWebKit/537.36 (KHTML, like Gecko) Chrome/47.0.2526.106 Safari/537.36"
::1 - - [26/Jan/2016:10:59:42 +0000] "GET /public/stylesheets/lato.css HTTP/1.1" 304 - "http://localhost:3000/" "Mozilla/5.0 (Windows NT 10.0; WOW64) AppleWebKit/537.36 (KHTML, like Gecko) Chrome/47.0.2526.106 Safari/537.36"
::1 - - [26/Jan/2016:10:59:42 +0000] "GET /public/stylesheets/font-awesome.min.css HTTP/1.1" 304 - "http://localhost:3000/" "Mozilla/5.0 (Windows NT 10.0; WOW64) AppleWebKit/537.36 (KHTML, like Gecko) Chrome/47.0.2526.106 Safari/537.36"
::1 - - [26/Jan/2016:10:59:42 +0000] "GET /public/javascripts/prettify.js HTTP/1.1" 304 - "http://localhost:3000/" "Mozilla/5.0 (Windows NT 10.0; WOW64) AppleWebKit/537.36 (KHTML, like Gecko) Chrome/47.0.2526.106 Safari/537.36"
::1 - - [26/Jan/2016:10:59:42 +0000] "GET /public/javascripts/ISODate_IE8.js HTTP/1.1" 304 - "http://localhost:3000/" "Mozilla/5.0 (Windows NT 10.0; WOW64) AppleWebKit/537.36 (KHTML, like Gecko) Chrome/47.0.2526.106 Safari/537.36"
::1 - - [26/Jan/2016:10:59:42 +0000] "GET /public/H-ui.admin/lib/Validform_v5.3.2.js HTTP/1.1" 304 - "http://localhost:3000/" "Mozilla/5.0 (Windows NT 10.0; WOW64) AppleWebKit/537.36 (KHTML, like Gecko) Chrome/47.0.2526.106 Safari/537.36"
::1 - - [26/Jan/2016:10:59:42 +0000] "GET /public/H-ui.admin/lib/layer1.8/layer.min.js HTTP/1.1" 304 - "http://localhost:3000/" "Mozilla/5.0 (Windows NT 10.0; WOW64) AppleWebKit/537.36 (KHTML, like Gecko) Chrome/47.0.2526.106 Safari/537.36"
::1 - - [26/Jan/2016:10:59:42 +0000] "GET /public/H-ui.admin/js/H-ui.js HTTP/1.1" 304 - "http://localhost:3000/" "Mozilla/5.0 (Windows NT 10.0; WOW64) AppleWebKit/537.36 (KHTML, like Gecko) Chrome/47.0.2526.106 Safari/537.36"
::1 - - [26/Jan/2016:10:59:42 +0000] "GET /public/H-ui.admin/js/H-ui.admin.js HTTP/1.1" 304 - "http://localhost:3000/" "Mozilla/5.0 (Windows NT 10.0; WOW64) AppleWebKit/537.36 (KHTML, like Gecko) Chrome/47.0.2526.106 Safari/537.36"
::1 - - [26/Jan/2016:10:59:42 +0000] "GET /public/H-ui.admin/js/H-ui.admin.doc.js HTTP/1.1" 304 - "http://localhost:3000/" "Mozilla/5.0 (Windows NT 10.0; WOW64) AppleWebKit/537.36 (KHTML, like Gecko) Chrome/47.0.2526.106 Safari/537.36"
::1 - - [26/Jan/2016:10:59:42 +0000] "GET /public/javascripts/views/index.js HTTP/1.1" 304 - "http://localhost:3000/" "Mozilla/5.0 (Windows NT 10.0; WOW64) AppleWebKit/537.36 (KHTML, like Gecko) Chrome/47.0.2526.106 Safari/537.36"
::1 - - [26/Jan/2016:10:59:42 +0000] "GET /public/images/xiaobai.png HTTP/1.1" 304 - "http://localhost:3000/" "Mozilla/5.0 (Windows NT 10.0; WOW64) AppleWebKit/537.36 (KHTML, like Gecko) Chrome/47.0.2526.106 Safari/537.36"
::1 - - [26/Jan/2016:10:59:42 +0000] "GET /public/images/fe.png HTTP/1.1" 304 - "http://localhost:3000/" "Mozilla/5.0 (Windows NT 10.0; WOW64) AppleWebKit/537.36 (KHTML, like Gecko) Chrome/47.0.2526.106 Safari/537.36"
::1 - - [26/Jan/2016:10:59:42 +0000] "GET /public/H-ui.admin/lib/iconfont/iconfont.woff HTTP/1.1" 304 - "http://localhost:3000/public/H-ui.admin/lib/iconfont/iconfont.css" "Mozilla/5.0 (Windows NT 10.0; WOW64) AppleWebKit/537.36 (KHTML, like Gecko) Chrome/47.0.2526.106 Safari/537.36"
::1 - - [26/Jan/2016:10:59:43 +0000] "GET /public/H-ui.admin/lib/layer1.8/skin/layer.css HTTP/1.1" 304 - "http://localhost:3000/" "Mozilla/5.0 (Windows NT 10.0; WOW64) AppleWebKit/537.36 (KHTML, like Gecko) Chrome/47.0.2526.106 Safari/537.36"
::1 - - [26/Jan/2016:10:59:43 +0000] "GET /public/H-ui.admin/lib/layer1.8/skin/default/xubox_ico0.png HTTP/1.1" 304 - "http://localhost:3000/" "Mozilla/5.0 (Windows NT 10.0; WOW64) AppleWebKit/537.36 (KHTML, like Gecko) Chrome/47.0.2526.106 Safari/537.36"
::1 - - [26/Jan/2016:10:59:43 +0000] "GET /public/Lib/iconfont/iconfont.woff HTTP/1.1" 304 - "http://localhost:3000/public/Lib/iconfont/iconfont.css" "Mozilla/5.0 (Windows NT 10.0; WOW64) AppleWebKit/537.36 (KHTML, like Gecko) Chrome/47.0.2526.106 Safari/537.36"
::1 - - [26/Jan/2016:10:59:43 +0000] "GET /getnotes?pageNum=0&pageSize=10&queryType=time&value= HTTP/1.1" 304 - "http://localhost:3000/" "Mozilla/5.0 (Windows NT 10.0; WOW64) AppleWebKit/537.36 (KHTML, like Gecko) Chrome/47.0.2526.106 Safari/537.36"
::1 - - [26/Jan/2016:10:59:43 +0000] "GET /getImage?imgId=defaultImg HTTP/1.1" 200 - "http://localhost:3000/" "Mozilla/5.0 (Windows NT 10.0; WOW64) AppleWebKit/537.36 (KHTML, like Gecko) Chrome/47.0.2526.106 Safari/537.36"
::1 - - [26/Jan/2016:10:59:43 +0000] "GET /getImage?imgId=1453730096837 HTTP/1.1" 200 - "http://localhost:3000/" "Mozilla/5.0 (Windows NT 10.0; WOW64) AppleWebKit/537.36 (KHTML, like Gecko) Chrome/47.0.2526.106 Safari/537.36"
::1 - - [26/Jan/2016:10:59:43 +0000] "GET /getImage?imgId=1453206441455 HTTP/1.1" 200 - "http://localhost:3000/" "Mozilla/5.0 (Windows NT 10.0; WOW64) AppleWebKit/537.36 (KHTML, like Gecko) Chrome/47.0.2526.106 Safari/537.36"
::1 - - [26/Jan/2016:10:59:43 +0000] "GET /getImage?imgId=1453206101167 HTTP/1.1" 200 - "http://localhost:3000/" "Mozilla/5.0 (Windows NT 10.0; WOW64) AppleWebKit/537.36 (KHTML, like Gecko) Chrome/47.0.2526.106 Safari/537.36"
::1 - - [26/Jan/2016:10:59:43 +0000] "GET /getImage?imgId=1453206496371 HTTP/1.1" 200 - "http://localhost:3000/" "Mozilla/5.0 (Windows NT 10.0; WOW64) AppleWebKit/537.36 (KHTML, like Gecko) Chrome/47.0.2526.106 Safari/537.36"
::1 - - [26/Jan/2016:10:59:43 +0000] "GET /getImage?imgId=1453206291271 HTTP/1.1" 200 - "http://localhost:3000/" "Mozilla/5.0 (Windows NT 10.0; WOW64) AppleWebKit/537.36 (KHTML, like Gecko) Chrome/47.0.2526.106 Safari/537.36"
::1 - - [26/Jan/2016:10:59:43 +0000] "GET /getImage?imgId=1453206601901 HTTP/1.1" 200 - "http://localhost:3000/" "Mozilla/5.0 (Windows NT 10.0; WOW64) AppleWebKit/537.36 (KHTML, like Gecko) Chrome/47.0.2526.106 Safari/537.36"
::1 - - [26/Jan/2016:10:59:44 +0000] "GET /getImage?imgId=1453206818649 HTTP/1.1" 200 - "http://localhost:3000/" "Mozilla/5.0 (Windows NT 10.0; WOW64) AppleWebKit/537.36 (KHTML, like Gecko) Chrome/47.0.2526.106 Safari/537.36"
::1 - - [26/Jan/2016:10:59:44 +0000] "GET /getImage?imgId=1453206711999 HTTP/1.1" 200 - "http://localhost:3000/" "Mozilla/5.0 (Windows NT 10.0; WOW64) AppleWebKit/537.36 (KHTML, like Gecko) Chrome/47.0.2526.106 Safari/537.36"
::1 - - [26/Jan/2016:10:59:44 +0000] "GET /getImage?imgId=1453206024871 HTTP/1.1" 200 - "http://localhost:3000/" "Mozilla/5.0 (Windows NT 10.0; WOW64) AppleWebKit/537.36 (KHTML, like Gecko) Chrome/47.0.2526.106 Safari/537.36"
